<?xml version="1.0" encoding="UTF-8"?>
<!-- Generated by org.testng.reporters.JUnitReportReporter -->
<testsuite hostname="User" failures="0" tests="5" name="testPkg.LoginTest" time="57.959" errors="0" timestamp="2022-01-11T20:01:02 EST" skipped="0">
  <testcase classname="testPkg.LoginTest" name="positiveLoginFunctionalityTestClickingSubmitBtn" time="10.914"/>
  <system-out/>
  <testcase classname="testPkg.LoginTest" name="positiveLoginFunctionalityTestClickingSubmitBtn" time="9.014"/>
  <system-out/>
  <testcase classname="testPkg.LoginTest" name="positiveLoginFunctionalityTestClickingSubmitBtn" time="8.702"/>
  <system-out/>
  <testcase classname="testPkg.LoginTest" name="positiveLoginFunctionalityTestClickingSubmitBtn" time="16.382"/>
  <system-out/>
  <testcase classname="testPkg.LoginTest" name="positiveLoginFunctionalityTestClickingSubmitBtn" time="12.947"/>
  <system-out/>
</testsuite> <!-- testPkg.LoginTest -->
